<?xml version="1.0" encoding="UTF-8"?>
<!-- Generated by org.testng.reporters.JUnitReportReporter -->
<testsuite hostname="DESKTOP-2JIJ3JT" failures="0" tests="1" name="com.maven.MavenTest" time="0.013" errors="0" timestamp="19 Dec 2018 15:49:59 GMT" skipped="0">
  <testcase classname="com.maven.MavenTest" name="hello" time="0.013"/>
</testsuite> <!-- com.maven.MavenTest -->
