<?xml version="1.0" encoding="UTF-8"?>
<!-- Generated by org.testng.reporters.JUnitReportReporter -->
<testsuite hostname="DESKTOP-2JIJ3JT" failures="0" tests="1" name="com.maven.MavenTest" time="0.007" errors="0" timestamp="02 Dec 2018 18:32:51 GMT" skipped="0">
  <testcase classname="com.maven.MavenTest" name="hello" time="0.007"/>
</testsuite> <!-- com.maven.MavenTest -->
